2026-03-31 10:46:48,391 - INFO - Pipeline started
2026-03-31 10:46:48,391 - INFO - Extracting data...
2026-03-31 10:46:48,513 - INFO - Data extracted: (223807, 15)
2026-03-31 10:46:48,514 - INFO - Cleaning data...
2026-03-31 10:46:48,601 - INFO - Data cleaned: (223807, 15)
2026-03-31 10:46:48,601 - INFO - Validating data...
2026-03-31 10:46:48,614 - INFO - Data validation passed
2026-03-31 10:46:48,614 - INFO - Creating star schema...
2026-03-31 10:46:48,673 - INFO - Star schema created
2026-03-31 10:46:48,673 - INFO - Saving data to database...
2026-03-31 10:46:49,093 - INFO - Pipeline completed successfully
2026-03-31 10:47:15,287 - INFO - Pipeline started
2026-03-31 10:47:15,287 - INFO - Extracting data...
2026-03-31 10:47:15,392 - INFO - Data extracted: (223807, 15)
2026-03-31 10:47:15,393 - INFO - Cleaning data...
2026-03-31 10:47:15,468 - INFO - Data cleaned: (223807, 15)
2026-03-31 10:47:15,468 - INFO - Validating data...
2026-03-31 10:47:15,480 - INFO - Data validation passed
2026-03-31 10:47:15,480 - INFO - Creating star schema...
2026-03-31 10:47:15,540 - INFO - Star schema created
2026-03-31 10:47:15,540 - INFO - Saving data to database...
2026-03-31 10:47:15,946 - INFO - Pipeline completed successfully
2026-03-31 10:48:08,612 - INFO - Pipeline started
2026-03-31 10:48:08,613 - INFO - Extracting data...
2026-03-31 10:48:08,734 - INFO - Data extracted: (223807, 15)
2026-03-31 10:48:08,734 - INFO - Cleaning data...
2026-03-31 10:48:08,812 - INFO - Data cleaned: (223807, 15)
2026-03-31 10:48:08,812 - INFO - Validating data...
2026-03-31 10:48:08,824 - INFO - Data validation passed
2026-03-31 10:48:08,824 - INFO - Creating star schema...
2026-03-31 10:48:08,891 - INFO - Star schema created
2026-03-31 10:48:08,891 - INFO - Saving data to database...
2026-03-31 10:48:09,326 - INFO - Pipeline completed successfully
2026-03-31 10:50:49,916 - INFO - Pipeline started
2026-03-31 10:50:50,034 - INFO - Data loaded: (223807, 15)
2026-03-31 10:50:50,112 - INFO - Data cleaned: (223807, 15)
2026-03-31 10:50:50,124 - INFO - Data validation passed
2026-03-31 10:50:50,193 - INFO - Star schema created
2026-03-31 10:50:50,237 - INFO - Saving data to PostgreSQL...
2026-03-31 10:50:56,259 - INFO - Data successfully saved to PostgreSQL!
2026-03-31 10:50:56,260 - INFO - Data successfully saved to PostgreSQL
2026-03-31 10:50:56,260 - INFO - Pipeline completed successfully
2026-03-31 10:55:08,368 - INFO - 🚀 Pipeline started
2026-03-31 10:55:08,477 - INFO - Data loaded: (223807, 15)
2026-03-31 10:55:08,555 - INFO - Data cleaned: (223807, 15)
2026-03-31 10:55:08,567 - INFO - Data validation passed
2026-03-31 10:55:08,631 - INFO - Star schema created
2026-03-31 10:55:08,676 - INFO - Saving data to PostgreSQL...
2026-03-31 10:55:14,665 - INFO - Data successfully saved to PostgreSQL!
2026-03-31 10:55:14,666 - INFO - Data successfully saved to PostgreSQL
2026-03-31 10:55:14,666 - INFO - Pipeline completed successfully
2026-03-31 10:55:46,383 - INFO - 🚀 Pipeline started
2026-03-31 10:55:46,494 - INFO - Data loaded: (223807, 15)
2026-03-31 10:55:46,575 - INFO - Data cleaned: (223807, 15)
2026-03-31 10:55:46,587 - INFO - Data validation passed
2026-03-31 10:55:46,654 - INFO - Star schema created
2026-03-31 10:55:46,700 - INFO - Saving data to PostgreSQL...
2026-03-31 10:55:52,718 - INFO - Data successfully saved to PostgreSQL!
2026-03-31 10:55:52,718 - INFO - Data successfully saved to PostgreSQL
2026-03-31 10:55:52,719 - INFO - Pipeline completed successfully
